{"/home/slrypc/Study/yandex-shri-2023/testing-homework/src/client/Application.tsx": {"path":"/home/slrypc/Study/yandex-shri-2023/testing-homework/src/client/Application.tsx","statementMap":{"0":{"start":{"line":1,"column":0},"end":{"line":1,"column":57}},"1":{"start":{"line":2,"column":0},"end":{"line":2,"column":45}},"2":{"start":{"line":3,"column":0},"end":{"line":3,"column":49}},"3":{"start":{"line":4,"column":0},"end":{"line":4,"column":42}},"4":{"start":{"line":6,"column":0},"end":{"line":6,"column":36}},"5":{"start":{"line":7,"column":0},"end":{"line":7,"column":42}},"6":{"start":{"line":8,"column":0},"end":{"line":8,"column":42}},"7":{"start":{"line":9,"column":0},"end":{"line":9,"column":44}},"8":{"start":{"line":10,"column":0},"end":{"line":10,"column":44}},"9":{"start":{"line":11,"column":0},"end":{"line":11,"column":38}},"10":{"start":{"line":12,"column":0},"end":{"line":12,"column":36}},"11":{"start":{"line":13,"column":0},"end":{"line":13,"column":42}},"12":{"start":{"line":16,"column":12},"end":{"line":16,"column":29}},"13":{"start":{"line":18,"column":31},"end":{"line":64,"column":1}},"14":{"start":{"line":19,"column":38},"end":{"line":19,"column":52}},"15":{"start":{"line":19,"column":20},"end":{"line":19,"column":22}},"16":{"start":{"line":19,"column":34},"end":{"line":19,"column":38}},"17":{"start":{"line":20,"column":17},"end":{"line":20,"column":61}},"18":{"start":{"line":20,"column":54},"end":{"line":20,"column":61}},"19":{"start":{"line":22,"column":19},"end":{"line":22,"column":89}},"20":{"start":{"line":22,"column":37},"end":{"line":22,"column":63}},"21":{"start":{"line":23,"column":17},"end":{"line":29,"column":22}},"22":{"start":{"line":24,"column":8},"end":{"line":28,"column":null}},"23":{"start":{"line":25,"column":12},"end":{"line":25,"column":32}},"24":{"start":{"line":27,"column":12},"end":{"line":27,"column":31}},"25":{"start":{"line":31,"column":18},"end":{"line":31,"column":42}},"26":{"start":{"line":32,"column":22},"end":{"line":32,"column":56}},"27":{"start":{"line":33,"column":24},"end":{"line":33,"column":82}},"28":{"start":{"line":35,"column":4},"end":{"line":63,"column":11}},"29":{"start":{"line":18,"column":13},"end":{"line":18,"column":31}}},"fnMap":{"0":{"name":"(anonymous_6)","decl":{"start":{"line":18,"column":31},"end":{"line":18,"column":null}},"loc":{"start":{"line":18,"column":31},"end":{"line":64,"column":1}}},"1":{"name":"(anonymous_7)","decl":{"start":{"line":20,"column":29},"end":{"line":20,"column":30}},"loc":{"start":{"line":20,"column":49},"end":{"line":20,"column":55}}},"2":{"name":"(anonymous_8)","decl":{"start":{"line":22,"column":31},"end":{"line":22,"column":37}},"loc":{"start":{"line":22,"column":31},"end":{"line":22,"column":49}}},"3":{"name":"(anonymous_9)","decl":{"start":{"line":23,"column":29},"end":{"line":23,"column":null}},"loc":{"start":{"line":23,"column":29},"end":{"line":29,"column":5}}}},"branchMap":{"0":{"loc":{"start":{"line":24,"column":8},"end":{"line":28,"column":null}},"type":"if","locations":[{"start":{"line":24,"column":8},"end":{"line":28,"column":null}},{"start":{"line":26,"column":15},"end":{"line":28,"column":null}}]},"1":{"loc":{"start":{"line":32,"column":22},"end":{"line":32,"column":56}},"type":"cond-expr","locations":[{"start":{"line":32,"column":30},"end":{"line":32,"column":47}},{"start":{"line":32,"column":50},"end":{"line":32,"column":56}}]},"2":{"loc":{"start":{"line":33,"column":24},"end":{"line":33,"column":82}},"type":"cond-expr","locations":[{"start":{"line":33,"column":36},"end":{"line":33,"column":62}},{"start":{"line":33,"column":65},"end":{"line":33,"column":82}}]}},"s":{"0":1,"1":1,"2":1,"3":1,"4":1,"5":1,"6":1,"7":1,"8":1,"9":1,"10":1,"11":1,"12":1,"13":1,"14":0,"15":0,"16":0,"17":0,"18":0,"19":0,"20":0,"21":0,"22":0,"23":0,"24":0,"25":0,"26":0,"27":0,"28":0,"29":1},"f":{"0":0,"1":0,"2":0,"3":0},"b":{"0":[0,0],"1":[0,0],"2":[0,0]}}
,"/home/slrypc/Study/yandex-shri-2023/testing-homework/src/client/store.ts": {"path":"/home/slrypc/Study/yandex-shri-2023/testing-homework/src/client/store.ts","statementMap":{"0":{"start":{"line":1,"column":0},"end":{"line":1,"column":53}},"1":{"start":{"line":2,"column":0},"end":{"line":2,"column":95}},"2":{"start":{"line":3,"column":0},"end":{"line":3,"column":86}},"3":{"start":{"line":4,"column":0},"end":{"line":4,"column":32}},"4":{"start":{"line":22,"column":40},"end":{"line":22,"column":65}},"5":{"start":{"line":25,"column":28},"end":{"line":25,"column":35}},"6":{"start":{"line":25,"column":34},"end":{"line":25,"column":71}},"7":{"start":{"line":25,"column":13},"end":{"line":25,"column":28}},"8":{"start":{"line":26,"column":30},"end":{"line":26,"column":65}},"9":{"start":{"line":26,"column":64},"end":{"line":26,"column":113}},"10":{"start":{"line":26,"column":13},"end":{"line":26,"column":30}},"11":{"start":{"line":27,"column":34},"end":{"line":27,"column":51}},"12":{"start":{"line":27,"column":50},"end":{"line":27,"column":98}},"13":{"start":{"line":27,"column":13},"end":{"line":27,"column":34}},"14":{"start":{"line":28,"column":36},"end":{"line":28,"column":59}},"15":{"start":{"line":28,"column":58},"end":{"line":28,"column":113}},"16":{"start":{"line":28,"column":13},"end":{"line":28,"column":36}},"17":{"start":{"line":29,"column":25},"end":{"line":29,"column":48}},"18":{"start":{"line":29,"column":47},"end":{"line":29,"column":91}},"19":{"start":{"line":29,"column":13},"end":{"line":29,"column":25}},"20":{"start":{"line":30,"column":25},"end":{"line":30,"column":32}},"21":{"start":{"line":30,"column":31},"end":{"line":30,"column":65}},"22":{"start":{"line":30,"column":13},"end":{"line":30,"column":25}},"23":{"start":{"line":31,"column":24},"end":{"line":31,"column":70}},"24":{"start":{"line":31,"column":69},"end":{"line":31,"column":113}},"25":{"start":{"line":31,"column":13},"end":{"line":31,"column":24}},"26":{"start":{"line":32,"column":32},"end":{"line":32,"column":54}},"27":{"start":{"line":32,"column":53},"end":{"line":32,"column":103}},"28":{"start":{"line":32,"column":13},"end":{"line":32,"column":32}},"29":{"start":{"line":47,"column":22},"end":{"line":47,"column":55}},"30":{"start":{"line":49,"column":15},"end":{"line":49,"column":100}},"31":{"start":{"line":49,"column":16},"end":{"line":49,"column":56}},"32":{"start":{"line":49,"column":93},"end":{"line":83,"column":7}},"33":{"start":{"line":50,"column":8},"end":{"line":82,"column":null}},"34":{"start":{"line":52,"column":16},"end":{"line":52,"column":43}},"35":{"start":{"line":53,"column":16},"end":{"line":53,"column":22}},"36":{"start":{"line":55,"column":16},"end":{"line":55,"column":49}},"37":{"start":{"line":56,"column":16},"end":{"line":56,"column":22}},"38":{"start":{"line":58,"column":16},"end":{"line":58,"column":66}},"39":{"start":{"line":59,"column":16},"end":{"line":59,"column":22}},"40":{"start":{"line":62,"column":44},"end":{"line":62,"column":58}},"41":{"start":{"line":62,"column":26},"end":{"line":62,"column":28}},"42":{"start":{"line":62,"column":32},"end":{"line":62,"column":34}},"43":{"start":{"line":62,"column":39},"end":{"line":62,"column":44}},"44":{"start":{"line":64,"column":16},"end":{"line":70,"column":null}},"45":{"start":{"line":65,"column":20},"end":{"line":67,"column":null}},"46":{"start":{"line":66,"column":24},"end":{"line":66,"column":67}},"47":{"start":{"line":69,"column":20},"end":{"line":69,"column":43}},"48":{"start":{"line":72,"column":16},"end":{"line":72,"column":48}},"49":{"start":{"line":73,"column":16},"end":{"line":73,"column":21}},"50":{"start":{"line":75,"column":16},"end":{"line":75,"column":32}},"51":{"start":{"line":76,"column":16},"end":{"line":76,"column":48}},"52":{"start":{"line":77,"column":16},"end":{"line":77,"column":22}},"53":{"start":{"line":79,"column":16},"end":{"line":79,"column":53}},"54":{"start":{"line":80,"column":16},"end":{"line":80,"column":32}},"55":{"start":{"line":81,"column":16},"end":{"line":81,"column":22}},"56":{"start":{"line":85,"column":4},"end":{"line":85,"column":14}},"57":{"start":{"line":91,"column":38},"end":{"line":91,"column":75}},"58":{"start":{"line":91,"column":61},"end":{"line":91,"column":63}},"59":{"start":{"line":91,"column":68},"end":{"line":98,"column":2}},"60":{"start":{"line":94,"column":8},"end":{"line":96,"column":10}},"61":{"start":{"line":95,"column":28},"end":{"line":95,"column":58}},"62":{"start":{"line":100,"column":44},"end":{"line":100,"column":81}},"63":{"start":{"line":100,"column":67},"end":{"line":100,"column":69}},"64":{"start":{"line":100,"column":74},"end":{"line":107,"column":2}},"65":{"start":{"line":103,"column":8},"end":{"line":105,"column":10}},"66":{"start":{"line":104,"column":28},"end":{"line":104,"column":64}},"67":{"start":{"line":109,"column":38},"end":{"line":109,"column":76}},"68":{"start":{"line":109,"column":62},"end":{"line":109,"column":64}},"69":{"start":{"line":109,"column":69},"end":{"line":117,"column":2}},"70":{"start":{"line":112,"column":8},"end":{"line":114,"column":null}},"71":{"start":{"line":113,"column":12},"end":{"line":113,"column":null}},"72":{"start":{"line":119,"column":34},"end":{"line":119,"column":71}},"73":{"start":{"line":119,"column":57},"end":{"line":119,"column":59}},"74":{"start":{"line":119,"column":64},"end":{"line":130,"column":2}},"75":{"start":{"line":121,"column":20},"end":{"line":121,"column":22}},"76":{"start":{"line":121,"column":26},"end":{"line":121,"column":57}},"77":{"start":{"line":122,"column":8},"end":{"line":124,"column":null}},"78":{"start":{"line":123,"column":12},"end":{"line":123,"column":25}},"79":{"start":{"line":126,"column":8},"end":{"line":128,"column":10}},"80":{"start":{"line":127,"column":23},"end":{"line":127,"column":53}},"81":{"start":{"line":132,"column":13},"end":{"line":137,"column":2}},"82":{"start":{"line":140,"column":24},"end":{"line":142,"column":6}},"83":{"start":{"line":144,"column":27},"end":{"line":146,"column":6}},"84":{"start":{"line":148,"column":18},"end":{"line":148,"column":75}},"85":{"start":{"line":150,"column":4},"end":{"line":150,"column":33}},"86":{"start":{"line":152,"column":4},"end":{"line":152,"column":17}},"87":{"start":{"line":139,"column":0},"end":{"line":139,"column":16}}},"fnMap":{"0":{"name":"(anonymous_2)","decl":{"start":{"line":25,"column":28},"end":{"line":25,"column":34}},"loc":{"start":{"line":25,"column":28},"end":{"line":25,"column":35}}},"1":{"name":"(anonymous_3)","decl":{"start":{"line":26,"column":30},"end":{"line":26,"column":31}},"loc":{"start":{"line":26,"column":59},"end":{"line":26,"column":65}}},"2":{"name":"(anonymous_4)","decl":{"start":{"line":27,"column":34},"end":{"line":27,"column":35}},"loc":{"start":{"line":27,"column":45},"end":{"line":27,"column":51}}},"3":{"name":"(anonymous_5)","decl":{"start":{"line":28,"column":36},"end":{"line":28,"column":37}},"loc":{"start":{"line":28,"column":53},"end":{"line":28,"column":59}}},"4":{"name":"(anonymous_6)","decl":{"start":{"line":29,"column":25},"end":{"line":29,"column":26}},"loc":{"start":{"line":29,"column":42},"end":{"line":29,"column":48}}},"5":{"name":"(anonymous_7)","decl":{"start":{"line":30,"column":25},"end":{"line":30,"column":31}},"loc":{"start":{"line":30,"column":25},"end":{"line":30,"column":32}}},"6":{"name":"(anonymous_8)","decl":{"start":{"line":31,"column":24},"end":{"line":31,"column":25}},"loc":{"start":{"line":31,"column":64},"end":{"line":31,"column":70}}},"7":{"name":"(anonymous_9)","decl":{"start":{"line":32,"column":32},"end":{"line":32,"column":33}},"loc":{"start":{"line":32,"column":48},"end":{"line":32,"column":54}}},"8":{"name":"createRootReducer","decl":{"start":{"line":46,"column":9},"end":{"line":46,"column":26}},"loc":{"start":{"line":46,"column":59},"end":{"line":86,"column":1}}},"9":{"name":"(anonymous_11)","decl":{"start":{"line":49,"column":15},"end":{"line":49,"column":16}},"loc":{"start":{"line":49,"column":70},"end":{"line":49,"column":100}}},"10":{"name":"(anonymous_12)","decl":{"start":{"line":49,"column":108},"end":{"line":49,"column":113}},"loc":{"start":{"line":49,"column":113},"end":{"line":83,"column":5}}},"11":{"name":"(anonymous_13)","decl":{"start":{"line":91,"column":38},"end":{"line":91,"column":39}},"loc":{"start":{"line":91,"column":63},"end":{"line":91,"column":75}}},"12":{"name":"(anonymous_14)","decl":{"start":{"line":93,"column":13},"end":{"line":93,"column":14}},"loc":{"start":{"line":93,"column":48},"end":{"line":97,"column":5}}},"13":{"name":"(anonymous_15)","decl":{"start":{"line":95,"column":16},"end":{"line":95,"column":24}},"loc":{"start":{"line":95,"column":24},"end":{"line":95,"column":42}}},"14":{"name":"(anonymous_16)","decl":{"start":{"line":100,"column":44},"end":{"line":100,"column":45}},"loc":{"start":{"line":100,"column":69},"end":{"line":100,"column":81}}},"15":{"name":"(anonymous_17)","decl":{"start":{"line":102,"column":13},"end":{"line":102,"column":14}},"loc":{"start":{"line":102,"column":54},"end":{"line":106,"column":5}}},"16":{"name":"(anonymous_18)","decl":{"start":{"line":104,"column":16},"end":{"line":104,"column":24}},"loc":{"start":{"line":104,"column":24},"end":{"line":104,"column":48}}},"17":{"name":"(anonymous_19)","decl":{"start":{"line":109,"column":38},"end":{"line":109,"column":39}},"loc":{"start":{"line":109,"column":64},"end":{"line":109,"column":76}}},"18":{"name":"(anonymous_20)","decl":{"start":{"line":111,"column":8},"end":{"line":111,"column":null}},"loc":{"start":{"line":111,"column":8},"end":{"line":115,"column":5}}},"19":{"name":"(anonymous_21)","decl":{"start":{"line":119,"column":34},"end":{"line":119,"column":35}},"loc":{"start":{"line":119,"column":59},"end":{"line":119,"column":71}}},"20":{"name":"(anonymous_22)","decl":{"start":{"line":121,"column":13},"end":{"line":121,"column":14}},"loc":{"start":{"line":121,"column":57},"end":{"line":129,"column":5}}},"21":{"name":"(anonymous_23)","decl":{"start":{"line":127,"column":16},"end":{"line":127,"column":19}},"loc":{"start":{"line":127,"column":19},"end":{"line":127,"column":39}}},"22":{"name":"initStore","decl":{"start":{"line":139,"column":16},"end":{"line":139,"column":25}},"loc":{"start":{"line":139,"column":56},"end":{"line":153,"column":1}}}},"branchMap":{"0":{"loc":{"start":{"line":49,"column":16},"end":{"line":49,"column":56}},"type":"if","locations":[{"start":{"line":49,"column":16},"end":{"line":49,"column":56}}]},"1":{"loc":{"start":{"line":50,"column":8},"end":{"line":82,"column":null}},"type":"switch","locations":[{"start":{"line":51,"column":12},"end":{"line":53,"column":22}},{"start":{"line":54,"column":12},"end":{"line":56,"column":22}},{"start":{"line":57,"column":12},"end":{"line":60,"column":null}},{"start":{"line":61,"column":12},"end":{"line":73,"column":21}},{"start":{"line":74,"column":12},"end":{"line":77,"column":22}},{"start":{"line":78,"column":12},"end":{"line":81,"column":22}}]},"2":{"loc":{"start":{"line":64,"column":16},"end":{"line":70,"column":null}},"type":"if","locations":[{"start":{"line":64,"column":16},"end":{"line":70,"column":null}}]},"3":{"loc":{"start":{"line":65,"column":20},"end":{"line":67,"column":null}},"type":"if","locations":[{"start":{"line":65,"column":20},"end":{"line":67,"column":null}}]},"4":{"loc":{"start":{"line":112,"column":8},"end":{"line":114,"column":null}},"type":"if","locations":[{"start":{"line":112,"column":8},"end":{"line":114,"column":null}}]},"5":{"loc":{"start":{"line":122,"column":8},"end":{"line":124,"column":null}},"type":"if","locations":[{"start":{"line":122,"column":8},"end":{"line":124,"column":null}}]}},"s":{"0":1,"1":1,"2":1,"3":1,"4":1,"5":1,"6":1,"7":1,"8":1,"9":0,"10":1,"11":1,"12":1,"13":1,"14":1,"15":0,"16":1,"17":1,"18":0,"19":1,"20":1,"21":0,"22":1,"23":1,"24":0,"25":1,"26":1,"27":0,"28":1,"29":0,"30":0,"31":0,"32":0,"33":0,"34":0,"35":0,"36":0,"37":0,"38":0,"39":0,"40":0,"41":0,"42":0,"43":0,"44":0,"45":0,"46":0,"47":0,"48":0,"49":0,"50":0,"51":0,"52":0,"53":0,"54":0,"55":0,"56":0,"57":1,"58":0,"59":0,"60":0,"61":0,"62":1,"63":0,"64":0,"65":0,"66":0,"67":1,"68":0,"69":0,"70":0,"71":0,"72":1,"73":0,"74":0,"75":0,"76":0,"77":0,"78":0,"79":0,"80":0,"81":1,"82":0,"83":0,"84":0,"85":0,"86":0,"87":1},"f":{"0":1,"1":0,"2":1,"3":0,"4":0,"5":0,"6":0,"7":0,"8":0,"9":0,"10":0,"11":0,"12":0,"13":0,"14":0,"15":0,"16":0,"17":0,"18":0,"19":0,"20":0,"21":0,"22":0},"b":{"0":[0],"1":[0,0,0,0,0,0],"2":[0],"3":[0],"4":[0],"5":[0]}}
,"/home/slrypc/Study/yandex-shri-2023/testing-homework/src/client/components/CartBadge.tsx": {"path":"/home/slrypc/Study/yandex-shri-2023/testing-homework/src/client/components/CartBadge.tsx","statementMap":{"0":{"start":{"line":1,"column":0},"end":{"line":1,"column":26}},"1":{"start":{"line":2,"column":0},"end":{"line":2,"column":42}},"2":{"start":{"line":3,"column":0},"end":{"line":3,"column":42}},"3":{"start":{"line":10,"column":12},"end":{"line":10,"column":27}},"4":{"start":{"line":12,"column":51},"end":{"line":16,"column":1}},"5":{"start":{"line":12,"column":56},"end":{"line":12,"column":58}},"6":{"start":{"line":13,"column":17},"end":{"line":13,"column":61}},"7":{"start":{"line":13,"column":54},"end":{"line":13,"column":61}},"8":{"start":{"line":15,"column":4},"end":{"line":15,"column":103}},"9":{"start":{"line":12,"column":13},"end":{"line":12,"column":51}}},"fnMap":{"0":{"name":"(anonymous_1)","decl":{"start":{"line":12,"column":51},"end":{"line":12,"column":52}},"loc":{"start":{"line":12,"column":58},"end":{"line":16,"column":1}}},"1":{"name":"(anonymous_2)","decl":{"start":{"line":13,"column":29},"end":{"line":13,"column":30}},"loc":{"start":{"line":13,"column":49},"end":{"line":13,"column":55}}}},"branchMap":{"0":{"loc":{"start":{"line":15,"column":11},"end":{"line":15,"column":102}},"type":"cond-expr","locations":[{"start":{"line":15,"column":22},"end":{"line":15,"column":95}},{"start":{"line":15,"column":98},"end":{"line":15,"column":102}}]}},"s":{"0":1,"1":1,"2":1,"3":1,"4":1,"5":0,"6":0,"7":0,"8":0,"9":1},"f":{"0":0,"1":0},"b":{"0":[0,0]}}
,"/home/slrypc/Study/yandex-shri-2023/testing-homework/src/client/components/Form.tsx": {"path":"/home/slrypc/Study/yandex-shri-2023/testing-homework/src/client/components/Form.tsx","statementMap":{"0":{"start":{"line":1,"column":0},"end":{"line":1,"column":66}},"1":{"start":{"line":2,"column":0},"end":{"line":2,"column":42}},"2":{"start":{"line":5,"column":20},"end":{"line":5,"column":68}},"3":{"start":{"line":12,"column":4},"end":{"line":12,"column":78}},"4":{"start":{"line":15,"column":12},"end":{"line":15,"column":22}},"5":{"start":{"line":17,"column":41},"end":{"line":90,"column":1}},"6":{"start":{"line":17,"column":52},"end":{"line":17,"column":54}},"7":{"start":{"line":18,"column":28},"end":{"line":18,"column":43}},"8":{"start":{"line":18,"column":15},"end":{"line":18,"column":17}},"9":{"start":{"line":18,"column":24},"end":{"line":18,"column":28}},"10":{"start":{"line":19,"column":38},"end":{"line":19,"column":53}},"11":{"start":{"line":19,"column":20},"end":{"line":19,"column":22}},"12":{"start":{"line":19,"column":34},"end":{"line":19,"column":38}},"13":{"start":{"line":20,"column":28},"end":{"line":20,"column":40}},"14":{"start":{"line":20,"column":15},"end":{"line":20,"column":17}},"15":{"start":{"line":20,"column":24},"end":{"line":20,"column":28}},"16":{"start":{"line":21,"column":30},"end":{"line":21,"column":42}},"17":{"start":{"line":21,"column":16},"end":{"line":21,"column":18}},"18":{"start":{"line":21,"column":26},"end":{"line":21,"column":30}},"19":{"start":{"line":22,"column":34},"end":{"line":22,"column":46}},"20":{"start":{"line":22,"column":18},"end":{"line":22,"column":20}},"21":{"start":{"line":22,"column":30},"end":{"line":22,"column":34}},"22":{"start":{"line":24,"column":24},"end":{"line":24,"column":44}},"23":{"start":{"line":25,"column":25},"end":{"line":25,"column":93}},"24":{"start":{"line":26,"column":27},"end":{"line":26,"column":50}},"25":{"start":{"line":28,"column":25},"end":{"line":30,"column":17}},"26":{"start":{"line":29,"column":8},"end":{"line":29,"column":32}},"27":{"start":{"line":32,"column":26},"end":{"line":34,"column":18}},"28":{"start":{"line":33,"column":8},"end":{"line":33,"column":33}},"29":{"start":{"line":36,"column":28},"end":{"line":38,"column":20}},"30":{"start":{"line":37,"column":8},"end":{"line":37,"column":35}},"31":{"start":{"line":40,"column":20},"end":{"line":51,"column":84}},"32":{"start":{"line":41,"column":8},"end":{"line":41,"column":27}},"33":{"start":{"line":43,"column":8},"end":{"line":50,"column":null}},"34":{"start":{"line":44,"column":12},"end":{"line":44,"column":26}},"35":{"start":{"line":45,"column":12},"end":{"line":49,"column":15}},"36":{"start":{"line":53,"column":4},"end":{"line":89,"column":6}},"37":{"start":{"line":17,"column":13},"end":{"line":17,"column":41}}},"fnMap":{"0":{"name":"getControlClass","decl":{"start":{"line":11,"column":9},"end":{"line":11,"column":24}},"loc":{"start":{"line":11,"column":61},"end":{"line":13,"column":1}}},"1":{"name":"(anonymous_7)","decl":{"start":{"line":17,"column":41},"end":{"line":17,"column":42}},"loc":{"start":{"line":17,"column":54},"end":{"line":90,"column":1}}},"2":{"name":"(anonymous_8)","decl":{"start":{"line":28,"column":37},"end":{"line":28,"column":38}},"loc":{"start":{"line":28,"column":70},"end":{"line":30,"column":5}}},"3":{"name":"(anonymous_9)","decl":{"start":{"line":32,"column":38},"end":{"line":32,"column":39}},"loc":{"start":{"line":32,"column":71},"end":{"line":34,"column":5}}},"4":{"name":"(anonymous_10)","decl":{"start":{"line":36,"column":40},"end":{"line":36,"column":41}},"loc":{"start":{"line":36,"column":76},"end":{"line":38,"column":5}}},"5":{"name":"(anonymous_11)","decl":{"start":{"line":40,"column":32},"end":{"line":40,"column":null}},"loc":{"start":{"line":40,"column":32},"end":{"line":51,"column":5}}}},"branchMap":{"0":{"loc":{"start":{"line":12,"column":11},"end":{"line":12,"column":77}},"type":"cond-expr","locations":[{"start":{"line":12,"column":35},"end":{"line":12,"column":60}},{"start":{"line":12,"column":63},"end":{"line":12,"column":77}}]},"1":{"loc":{"start":{"line":12,"column":11},"end":{"line":12,"column":32}},"type":"binary-expr","locations":[{"start":{"line":12,"column":11},"end":{"line":12,"column":19}},{"start":{"line":12,"column":23},"end":{"line":12,"column":32}}]},"2":{"loc":{"start":{"line":25,"column":25},"end":{"line":25,"column":93}},"type":"cond-expr","locations":[{"start":{"line":25,"column":55},"end":{"line":25,"column":85}},{"start":{"line":25,"column":88},"end":{"line":25,"column":93}}]},"3":{"loc":{"start":{"line":43,"column":8},"end":{"line":50,"column":null}},"type":"if","locations":[{"start":{"line":43,"column":8},"end":{"line":50,"column":null}}]},"4":{"loc":{"start":{"line":43,"column":12},"end":{"line":43,"column":57}},"type":"binary-expr","locations":[{"start":{"line":43,"column":12},"end":{"line":43,"column":23}},{"start":{"line":43,"column":27},"end":{"line":43,"column":39}},{"start":{"line":43,"column":43},"end":{"line":43,"column":57}}]}},"s":{"0":1,"1":1,"2":1,"3":0,"4":1,"5":1,"6":0,"7":0,"8":0,"9":0,"10":0,"11":0,"12":0,"13":0,"14":0,"15":0,"16":0,"17":0,"18":0,"19":0,"20":0,"21":0,"22":0,"23":0,"24":0,"25":0,"26":0,"27":0,"28":0,"29":0,"30":0,"31":0,"32":0,"33":0,"34":0,"35":0,"36":0,"37":1},"f":{"0":0,"1":0,"2":0,"3":0,"4":0,"5":0},"b":{"0":[0,0],"1":[0,0],"2":[0,0],"3":[0],"4":[0,0,0]}}
,"/home/slrypc/Study/yandex-shri-2023/testing-homework/src/client/components/Image.tsx": {"path":"/home/slrypc/Study/yandex-shri-2023/testing-homework/src/client/components/Image.tsx","statementMap":{"0":{"start":{"line":1,"column":0},"end":{"line":1,"column":26}},"1":{"start":{"line":2,"column":0},"end":{"line":2,"column":42}},"2":{"start":{"line":8,"column":13},"end":{"line":8,"column":129}},"3":{"start":{"line":10,"column":12},"end":{"line":10,"column":23}},"4":{"start":{"line":12,"column":43},"end":{"line":14,"column":1}},"5":{"start":{"line":12,"column":55},"end":{"line":12,"column":57}},"6":{"start":{"line":13,"column":4},"end":{"line":13,"column":65}},"7":{"start":{"line":12,"column":13},"end":{"line":12,"column":43}}},"fnMap":{"0":{"name":"(anonymous_1)","decl":{"start":{"line":12,"column":43},"end":{"line":12,"column":44}},"loc":{"start":{"line":12,"column":57},"end":{"line":14,"column":1}}}},"branchMap":{},"s":{"0":1,"1":1,"2":1,"3":1,"4":1,"5":1,"6":1,"7":1},"f":{"0":1},"b":{}}
,"/home/slrypc/Study/yandex-shri-2023/testing-homework/src/client/components/ProductDetails.tsx": {"path":"/home/slrypc/Study/yandex-shri-2023/testing-homework/src/client/components/ProductDetails.tsx","statementMap":{"0":{"start":{"line":1,"column":0},"end":{"line":1,"column":43}},"1":{"start":{"line":2,"column":0},"end":{"line":2,"column":42}},"2":{"start":{"line":3,"column":0},"end":{"line":3,"column":42}},"3":{"start":{"line":5,"column":0},"end":{"line":5,"column":37}},"4":{"start":{"line":6,"column":0},"end":{"line":6,"column":40}},"5":{"start":{"line":7,"column":0},"end":{"line":7,"column":32}},"6":{"start":{"line":9,"column":12},"end":{"line":9,"column":32}},"7":{"start":{"line":15,"column":61},"end":{"line":46,"column":1}},"8":{"start":{"line":15,"column":71},"end":{"line":15,"column":73}},"9":{"start":{"line":16,"column":21},"end":{"line":16,"column":34}},"10":{"start":{"line":18,"column":20},"end":{"line":20,"column":27}},"11":{"start":{"line":19,"column":8},"end":{"line":19,"column":37}},"12":{"start":{"line":22,"column":25},"end":{"line":22,"column":73}},"13":{"start":{"line":24,"column":4},"end":{"line":45,"column":6}},"14":{"start":{"line":15,"column":13},"end":{"line":15,"column":61}}},"fnMap":{"0":{"name":"(anonymous_6)","decl":{"start":{"line":15,"column":61},"end":{"line":15,"column":62}},"loc":{"start":{"line":15,"column":73},"end":{"line":46,"column":1}}},"1":{"name":"(anonymous_7)","decl":{"start":{"line":18,"column":32},"end":{"line":18,"column":null}},"loc":{"start":{"line":18,"column":32},"end":{"line":20,"column":5}}}},"branchMap":{"0":{"loc":{"start":{"line":22,"column":25},"end":{"line":22,"column":73}},"type":"cond-expr","locations":[{"start":{"line":22,"column":54},"end":{"line":22,"column":62}},{"start":{"line":22,"column":65},"end":{"line":22,"column":73}}]}},"s":{"0":1,"1":1,"2":1,"3":1,"4":1,"5":1,"6":1,"7":1,"8":0,"9":0,"10":0,"11":0,"12":0,"13":0,"14":1},"f":{"0":0,"1":0},"b":{"0":[0,0]}}
,"/home/slrypc/Study/yandex-shri-2023/testing-homework/src/client/components/ProductItem.tsx": {"path":"/home/slrypc/Study/yandex-shri-2023/testing-homework/src/client/components/ProductItem.tsx","statementMap":{"0":{"start":{"line":1,"column":0},"end":{"line":1,"column":26}},"1":{"start":{"line":2,"column":0},"end":{"line":2,"column":40}},"2":{"start":{"line":3,"column":0},"end":{"line":3,"column":42}},"3":{"start":{"line":6,"column":0},"end":{"line":6,"column":40}},"4":{"start":{"line":7,"column":0},"end":{"line":7,"column":32}},"5":{"start":{"line":9,"column":12},"end":{"line":9,"column":29}},"6":{"start":{"line":15,"column":55},"end":{"line":29,"column":1}},"7":{"start":{"line":15,"column":65},"end":{"line":15,"column":67}},"8":{"start":{"line":16,"column":4},"end":{"line":28,"column":6}},"9":{"start":{"line":15,"column":13},"end":{"line":15,"column":55}}},"fnMap":{"0":{"name":"(anonymous_1)","decl":{"start":{"line":15,"column":55},"end":{"line":15,"column":56}},"loc":{"start":{"line":15,"column":67},"end":{"line":29,"column":1}}}},"branchMap":{},"s":{"0":1,"1":1,"2":1,"3":1,"4":1,"5":1,"6":1,"7":0,"8":0,"9":1},"f":{"0":0},"b":{}}
,"/home/slrypc/Study/yandex-shri-2023/testing-homework/src/client/pages/Cart.tsx": {"path":"/home/slrypc/Study/yandex-shri-2023/testing-homework/src/client/pages/Cart.tsx","statementMap":{"0":{"start":{"line":1,"column":0},"end":{"line":1,"column":43}},"1":{"start":{"line":2,"column":0},"end":{"line":2,"column":38}},"2":{"start":{"line":3,"column":0},"end":{"line":3,"column":55}},"3":{"start":{"line":4,"column":0},"end":{"line":4,"column":40}},"4":{"start":{"line":5,"column":0},"end":{"line":5,"column":42}},"5":{"start":{"line":8,"column":0},"end":{"line":8,"column":42}},"6":{"start":{"line":9,"column":0},"end":{"line":9,"column":65}},"7":{"start":{"line":11,"column":12},"end":{"line":11,"column":22}},"8":{"start":{"line":13,"column":30},"end":{"line":122,"column":1}},"9":{"start":{"line":14,"column":21},"end":{"line":14,"column":34}},"10":{"start":{"line":15,"column":17},"end":{"line":15,"column":61}},"11":{"start":{"line":15,"column":54},"end":{"line":15,"column":61}},"12":{"start":{"line":16,"column":26},"end":{"line":16,"column":79}},"13":{"start":{"line":16,"column":63},"end":{"line":16,"column":79}},"14":{"start":{"line":18,"column":20},"end":{"line":20,"column":18}},"15":{"start":{"line":19,"column":8},"end":{"line":19,"column":30}},"16":{"start":{"line":22,"column":21},"end":{"line":24,"column":24}},"17":{"start":{"line":23,"column":8},"end":{"line":23,"column":39}},"18":{"start":{"line":26,"column":35},"end":{"line":26,"column":39}},"19":{"start":{"line":28,"column":24},"end":{"line":28,"column":49}},"20":{"start":{"line":30,"column":4},"end":{"line":74,"column":null}},"21":{"start":{"line":31,"column":21},"end":{"line":42,"column":10}},"22":{"start":{"line":31,"column":50},"end":{"line":31,"column":52}},"23":{"start":{"line":31,"column":56},"end":{"line":31,"column":57}},"24":{"start":{"line":33,"column":12},"end":{"line":41,"column":14}},"25":{"start":{"line":44,"column":22},"end":{"line":44,"column":99}},"26":{"start":{"line":44,"column":62},"end":{"line":44,"column":64}},"27":{"start":{"line":44,"column":69},"end":{"line":44,"column":71}},"28":{"start":{"line":44,"column":76},"end":{"line":44,"column":97}},"29":{"start":{"line":46,"column":8},"end":{"line":67,"column":10}},"30":{"start":{"line":69,"column":8},"end":{"line":73,"column":10}},"31":{"start":{"line":76,"column":20},"end":{"line":81,"column":null}},"32":{"start":{"line":84,"column":17},"end":{"line":90,"column":null}},"33":{"start":{"line":93,"column":23},"end":{"line":93,"column":84}},"34":{"start":{"line":95,"column":22},"end":{"line":106,"column":12}},"35":{"start":{"line":108,"column":4},"end":{"line":121,"column":6}},"36":{"start":{"line":13,"column":13},"end":{"line":13,"column":30}}},"fnMap":{"0":{"name":"(anonymous_6)","decl":{"start":{"line":13,"column":30},"end":{"line":13,"column":null}},"loc":{"start":{"line":13,"column":30},"end":{"line":122,"column":1}}},"1":{"name":"(anonymous_7)","decl":{"start":{"line":15,"column":29},"end":{"line":15,"column":30}},"loc":{"start":{"line":15,"column":49},"end":{"line":15,"column":55}}},"2":{"name":"(anonymous_8)","decl":{"start":{"line":16,"column":38},"end":{"line":16,"column":39}},"loc":{"start":{"line":16,"column":58},"end":{"line":16,"column":64}}},"3":{"name":"(anonymous_9)","decl":{"start":{"line":18,"column":32},"end":{"line":18,"column":null}},"loc":{"start":{"line":18,"column":32},"end":{"line":20,"column":5}}},"4":{"name":"(anonymous_10)","decl":{"start":{"line":22,"column":33},"end":{"line":22,"column":34}},"loc":{"start":{"line":22,"column":56},"end":{"line":24,"column":5}}},"5":{"name":"(anonymous_11)","decl":{"start":{"line":31,"column":46},"end":{"line":31,"column":47}},"loc":{"start":{"line":31,"column":64},"end":{"line":42,"column":9}}},"6":{"name":"(anonymous_12)","decl":{"start":{"line":44,"column":49},"end":{"line":44,"column":50}},"loc":{"start":{"line":44,"column":71},"end":{"line":44,"column":79}}}},"branchMap":{"0":{"loc":{"start":{"line":30,"column":4},"end":{"line":74,"column":null}},"type":"if","locations":[{"start":{"line":30,"column":4},"end":{"line":74,"column":null}},{"start":{"line":68,"column":11},"end":{"line":74,"column":null}}]},"1":{"loc":{"start":{"line":76,"column":20},"end":{"line":81,"column":null}},"type":"cond-expr","locations":[{"start":{"line":76,"column":34},"end":{"line":76,"column":38}},{"start":{"line":77,"column":8},"end":{"line":80,"column":null}}]},"2":{"loc":{"start":{"line":84,"column":17},"end":{"line":90,"column":null}},"type":"cond-expr","locations":[{"start":{"line":84,"column":31},"end":{"line":84,"column":35}},{"start":{"line":85,"column":8},"end":{"line":89,"column":null}}]},"3":{"loc":{"start":{"line":93,"column":23},"end":{"line":93,"column":84}},"type":"cond-expr","locations":[{"start":{"line":93,"column":52},"end":{"line":93,"column":67}},{"start":{"line":93,"column":70},"end":{"line":93,"column":84}}]},"4":{"loc":{"start":{"line":95,"column":22},"end":{"line":106,"column":12}},"type":"cond-expr","locations":[{"start":{"line":96,"column":8},"end":{"line":104,"column":null}},{"start":{"line":106,"column":8},"end":{"line":106,"column":12}}]},"5":{"loc":{"start":{"line":95,"column":22},"end":{"line":95,"column":50}},"type":"binary-expr","locations":[{"start":{"line":95,"column":22},"end":{"line":95,"column":33}},{"start":{"line":95,"column":37},"end":{"line":95,"column":50}}]}},"s":{"0":1,"1":1,"2":1,"3":1,"4":1,"5":1,"6":1,"7":1,"8":1,"9":1,"10":1,"11":1,"12":1,"13":1,"14":1,"15":0,"16":1,"17":0,"18":1,"19":1,"20":1,"21":0,"22":0,"23":0,"24":0,"25":0,"26":0,"27":0,"28":0,"29":0,"30":1,"31":1,"32":1,"33":1,"34":1,"35":1,"36":1},"f":{"0":1,"1":1,"2":1,"3":0,"4":0,"5":0,"6":0},"b":{"0":[0,1],"1":[1,0],"2":[1,0],"3":[1,0],"4":[0,1],"5":[1,1]}}
,"/home/slrypc/Study/yandex-shri-2023/testing-homework/src/client/pages/Catalog.tsx": {"path":"/home/slrypc/Study/yandex-shri-2023/testing-homework/src/client/pages/Catalog.tsx","statementMap":{"0":{"start":{"line":1,"column":0},"end":{"line":1,"column":41}},"1":{"start":{"line":2,"column":0},"end":{"line":2,"column":55}},"2":{"start":{"line":3,"column":0},"end":{"line":3,"column":38}},"3":{"start":{"line":4,"column":0},"end":{"line":4,"column":42}},"4":{"start":{"line":6,"column":0},"end":{"line":6,"column":56}},"5":{"start":{"line":7,"column":0},"end":{"line":7,"column":58}},"6":{"start":{"line":9,"column":12},"end":{"line":9,"column":25}},"7":{"start":{"line":11,"column":33},"end":{"line":40,"column":1}},"8":{"start":{"line":12,"column":21},"end":{"line":12,"column":34}},"9":{"start":{"line":13,"column":21},"end":{"line":13,"column":69}},"10":{"start":{"line":13,"column":58},"end":{"line":13,"column":69}},"11":{"start":{"line":15,"column":4},"end":{"line":17,"column":11}},"12":{"start":{"line":16,"column":8},"end":{"line":16,"column":null}},"13":{"start":{"line":19,"column":35},"end":{"line":25,"column":17}},"14":{"start":{"line":20,"column":26},"end":{"line":24,"column":10}},"15":{"start":{"line":27,"column":4},"end":{"line":39,"column":6}},"16":{"start":{"line":11,"column":13},"end":{"line":11,"column":33}}},"fnMap":{"0":{"name":"(anonymous_6)","decl":{"start":{"line":11,"column":33},"end":{"line":11,"column":null}},"loc":{"start":{"line":11,"column":33},"end":{"line":40,"column":1}}},"1":{"name":"(anonymous_7)","decl":{"start":{"line":13,"column":33},"end":{"line":13,"column":34}},"loc":{"start":{"line":13,"column":53},"end":{"line":13,"column":59}}},"2":{"name":"(anonymous_8)","decl":{"start":{"line":15,"column":14},"end":{"line":15,"column":null}},"loc":{"start":{"line":15,"column":14},"end":{"line":17,"column":5}}},"3":{"name":"(anonymous_9)","decl":{"start":{"line":20,"column":21},"end":{"line":20,"column":22}},"loc":{"start":{"line":20,"column":22},"end":{"line":20,"column":null}}}},"branchMap":{"0":{"loc":{"start":{"line":19,"column":35},"end":{"line":25,"column":17}},"type":"cond-expr","locations":[{"start":{"line":20,"column":8},"end":{"line":24,"column":10}},{"start":{"line":25,"column":8},"end":{"line":25,"column":17}}]}},"s":{"0":1,"1":1,"2":1,"3":1,"4":1,"5":1,"6":1,"7":1,"8":1,"9":1,"10":1,"11":1,"12":1,"13":1,"14":0,"15":1,"16":1},"f":{"0":1,"1":1,"2":1,"3":0},"b":{"0":[0,1]}}
,"/home/slrypc/Study/yandex-shri-2023/testing-homework/src/client/pages/Contacts.tsx": {"path":"/home/slrypc/Study/yandex-shri-2023/testing-homework/src/client/pages/Contacts.tsx","statementMap":{"0":{"start":{"line":1,"column":0},"end":{"line":1,"column":26}},"1":{"start":{"line":2,"column":0},"end":{"line":2,"column":38}},"2":{"start":{"line":3,"column":0},"end":{"line":3,"column":42}},"3":{"start":{"line":5,"column":12},"end":{"line":5,"column":26}},"4":{"start":{"line":7,"column":34},"end":{"line":31,"column":1}},"5":{"start":{"line":8,"column":4},"end":{"line":30,"column":6}},"6":{"start":{"line":7,"column":13},"end":{"line":7,"column":34}}},"fnMap":{"0":{"name":"(anonymous_1)","decl":{"start":{"line":7,"column":34},"end":{"line":7,"column":null}},"loc":{"start":{"line":7,"column":34},"end":{"line":31,"column":1}}}},"branchMap":{},"s":{"0":1,"1":1,"2":1,"3":1,"4":1,"5":1,"6":1},"f":{"0":1},"b":{}}
,"/home/slrypc/Study/yandex-shri-2023/testing-homework/src/client/pages/Delivery.tsx": {"path":"/home/slrypc/Study/yandex-shri-2023/testing-homework/src/client/pages/Delivery.tsx","statementMap":{"0":{"start":{"line":1,"column":0},"end":{"line":1,"column":26}},"1":{"start":{"line":2,"column":0},"end":{"line":2,"column":38}},"2":{"start":{"line":3,"column":0},"end":{"line":3,"column":42}},"3":{"start":{"line":5,"column":0},"end":{"line":5,"column":44}},"4":{"start":{"line":7,"column":12},"end":{"line":7,"column":26}},"5":{"start":{"line":9,"column":34},"end":{"line":41,"column":1}},"6":{"start":{"line":10,"column":4},"end":{"line":40,"column":6}},"7":{"start":{"line":9,"column":13},"end":{"line":9,"column":34}}},"fnMap":{"0":{"name":"(anonymous_1)","decl":{"start":{"line":9,"column":34},"end":{"line":9,"column":null}},"loc":{"start":{"line":9,"column":34},"end":{"line":41,"column":1}}}},"branchMap":{},"s":{"0":1,"1":1,"2":1,"3":1,"4":1,"5":1,"6":1,"7":1},"f":{"0":1},"b":{}}
,"/home/slrypc/Study/yandex-shri-2023/testing-homework/src/client/pages/Home.tsx": {"path":"/home/slrypc/Study/yandex-shri-2023/testing-homework/src/client/pages/Home.tsx","statementMap":{"0":{"start":{"line":1,"column":0},"end":{"line":1,"column":26}},"1":{"start":{"line":2,"column":0},"end":{"line":2,"column":38}},"2":{"start":{"line":3,"column":0},"end":{"line":3,"column":42}},"3":{"start":{"line":5,"column":12},"end":{"line":5,"column":22}},"4":{"start":{"line":7,"column":30},"end":{"line":57,"column":1}},"5":{"start":{"line":8,"column":4},"end":{"line":56,"column":6}},"6":{"start":{"line":7,"column":13},"end":{"line":7,"column":30}}},"fnMap":{"0":{"name":"(anonymous_1)","decl":{"start":{"line":7,"column":30},"end":{"line":7,"column":null}},"loc":{"start":{"line":7,"column":30},"end":{"line":57,"column":1}}}},"branchMap":{},"s":{"0":1,"1":1,"2":1,"3":1,"4":1,"5":1,"6":1},"f":{"0":1},"b":{}}
,"/home/slrypc/Study/yandex-shri-2023/testing-homework/src/client/pages/Product.tsx": {"path":"/home/slrypc/Study/yandex-shri-2023/testing-homework/src/client/pages/Product.tsx","statementMap":{"0":{"start":{"line":1,"column":0},"end":{"line":1,"column":41}},"1":{"start":{"line":2,"column":0},"end":{"line":2,"column":38}},"2":{"start":{"line":3,"column":0},"end":{"line":3,"column":55}},"3":{"start":{"line":4,"column":0},"end":{"line":4,"column":41}},"4":{"start":{"line":5,"column":0},"end":{"line":5,"column":42}},"5":{"start":{"line":7,"column":0},"end":{"line":7,"column":62}},"6":{"start":{"line":8,"column":0},"end":{"line":8,"column":64}},"7":{"start":{"line":14,"column":12},"end":{"line":14,"column":25}},"8":{"start":{"line":16,"column":33},"end":{"line":32,"column":1}},"9":{"start":{"line":17,"column":21},"end":{"line":17,"column":34}},"10":{"start":{"line":18,"column":19},"end":{"line":18,"column":50}},"11":{"start":{"line":19,"column":15},"end":{"line":19,"column":32}},"12":{"start":{"line":21,"column":4},"end":{"line":23,"column":11}},"13":{"start":{"line":22,"column":8},"end":{"line":22,"column":41}},"14":{"start":{"line":25,"column":20},"end":{"line":25,"column":71}},"15":{"start":{"line":25,"column":57},"end":{"line":25,"column":71}},"16":{"start":{"line":27,"column":37},"end":{"line":29,"column":17}},"17":{"start":{"line":31,"column":4},"end":{"line":31,"column":82}},"18":{"start":{"line":16,"column":13},"end":{"line":16,"column":33}}},"fnMap":{"0":{"name":"(anonymous_6)","decl":{"start":{"line":16,"column":33},"end":{"line":16,"column":null}},"loc":{"start":{"line":16,"column":33},"end":{"line":32,"column":1}}},"1":{"name":"(anonymous_7)","decl":{"start":{"line":21,"column":14},"end":{"line":21,"column":null}},"loc":{"start":{"line":21,"column":14},"end":{"line":23,"column":5}}},"2":{"name":"(anonymous_8)","decl":{"start":{"line":25,"column":32},"end":{"line":25,"column":33}},"loc":{"start":{"line":25,"column":52},"end":{"line":25,"column":58}}}},"branchMap":{"0":{"loc":{"start":{"line":27,"column":37},"end":{"line":29,"column":17}},"type":"cond-expr","locations":[{"start":{"line":28,"column":8},"end":{"line":28,"column":43}},{"start":{"line":29,"column":8},"end":{"line":29,"column":17}}]},"1":{"loc":{"start":{"line":31,"column":49},"end":{"line":31,"column":62}},"type":"cond-expr","locations":[{"start":{"line":31,"column":56},"end":{"line":31,"column":58}},{"start":{"line":31,"column":49},"end":{"line":31,"column":62}}]},"2":{"loc":{"start":{"line":31,"column":49},"end":{"line":31,"column":58}},"type":"binary-expr","locations":[{"start":{"line":31,"column":49},"end":{"line":31,"column":58}},{"start":{"line":31,"column":49},"end":{"line":31,"column":58}}]}},"s":{"0":1,"1":1,"2":1,"3":1,"4":1,"5":1,"6":1,"7":1,"8":1,"9":1,"10":1,"11":1,"12":1,"13":1,"14":1,"15":1,"16":1,"17":1,"18":1},"f":{"0":1,"1":1,"2":1},"b":{"0":[0,1],"1":[1,0],"2":[1,1]}}
,"/home/slrypc/Study/yandex-shri-2023/testing-homework/test/unit/BaseApp.tsx": {"path":"/home/slrypc/Study/yandex-shri-2023/testing-homework/test/unit/BaseApp.tsx","statementMap":{"0":{"start":{"line":1,"column":0},"end":{"line":1,"column":26}},"1":{"start":{"line":2,"column":0},"end":{"line":2,"column":39}},"2":{"start":{"line":3,"column":0},"end":{"line":3,"column":49}},"3":{"start":{"line":4,"column":0},"end":{"line":4,"column":36}},"4":{"start":{"line":6,"column":0},"end":{"line":6,"column":58}},"5":{"start":{"line":15,"column":47},"end":{"line":24,"column":1}},"6":{"start":{"line":15,"column":50},"end":{"line":15,"column":59}},"7":{"start":{"line":15,"column":59},"end":{"line":15,"column":75}},"8":{"start":{"line":15,"column":75},"end":{"line":15,"column":80}},"9":{"start":{"line":15,"column":80},"end":{"line":15,"column":110}},"10":{"start":{"line":16,"column":16},"end":{"line":16,"column":40}},"11":{"start":{"line":16,"column":34},"end":{"line":16,"column":40}},"12":{"start":{"line":17,"column":2},"end":{"line":23,"column":4}},"13":{"start":{"line":15,"column":13},"end":{"line":15,"column":47}}},"fnMap":{"0":{"name":"(anonymous_1)","decl":{"start":{"line":15,"column":47},"end":{"line":15,"column":48}},"loc":{"start":{"line":15,"column":110},"end":{"line":24,"column":1}}},"1":{"name":"(anonymous_2)","decl":{"start":{"line":16,"column":28},"end":{"line":16,"column":34}},"loc":{"start":{"line":16,"column":28},"end":{"line":16,"column":39}}}},"branchMap":{"0":{"loc":{"start":{"line":15,"column":59},"end":{"line":15,"column":75}},"type":"cond-expr","locations":[{"start":{"line":15,"column":62},"end":{"line":15,"column":73}},{"start":{"line":15,"column":73},"end":{"line":15,"column":75}}]},"1":{"loc":{"start":{"line":15,"column":80},"end":{"line":15,"column":110}},"type":"cond-expr","locations":[{"start":{"line":15,"column":83},"end":{"line":15,"column":108}},{"start":{"line":15,"column":108},"end":{"line":15,"column":110}}]}},"s":{"0":1,"1":1,"2":1,"3":1,"4":1,"5":1,"6":6,"7":6,"8":6,"9":6,"10":6,"11":8,"12":6,"13":1},"f":{"0":6,"1":8},"b":{"0":[0,6],"1":[6,0]}}
}
